Determining if the pthread_create exist failed with the following output:
Change Dir: /home/manuel/Projects/gt/tent/libattic/third_party/googletest/CMakeFiles/CMakeTmp

Run Build Command:/usr/bin/make "cmTryCompileExec2917117552/fast"
/usr/bin/make -f CMakeFiles/cmTryCompileExec2917117552.dir/build.make CMakeFiles/cmTryCompileExec2917117552.dir/build
make[1]: Entering directory `/home/manuel/Projects/gt/tent/libattic/third_party/googletest/CMakeFiles/CMakeTmp'
/usr/bin/cmake -E cmake_progress_report /home/manuel/Projects/gt/tent/libattic/third_party/googletest/CMakeFiles/CMakeTmp/CMakeFiles 1
Building C object CMakeFiles/cmTryCompileExec2917117552.dir/CheckSymbolExists.c.o
/usr/bin/gcc    -o CMakeFiles/cmTryCompileExec2917117552.dir/CheckSymbolExists.c.o   -c /home/manuel/Projects/gt/tent/libattic/third_party/googletest/CMakeFiles/CMakeTmp/CheckSymbolExists.c
Linking C executable cmTryCompileExec2917117552
/usr/bin/cmake -E cmake_link_script CMakeFiles/cmTryCompileExec2917117552.dir/link.txt --verbose=1
/usr/bin/gcc         CMakeFiles/cmTryCompileExec2917117552.dir/CheckSymbolExists.c.o  -o cmTryCompileExec2917117552 -rdynamic 
CMakeFiles/cmTryCompileExec2917117552.dir/CheckSymbolExists.c.o: In function `main':
CheckSymbolExists.c:(.text+0x16): undefined reference to `pthread_create'
collect2: error: ld returned 1 exit status
make[1]: *** [cmTryCompileExec2917117552] Error 1
make[1]: Leaving directory `/home/manuel/Projects/gt/tent/libattic/third_party/googletest/CMakeFiles/CMakeTmp'
make: *** [cmTryCompileExec2917117552/fast] Error 2

File /home/manuel/Projects/gt/tent/libattic/third_party/googletest/CMakeFiles/CMakeTmp/CheckSymbolExists.c:
/* */
#include <pthread.h>

int main(int argc, char** argv)
{
  (void)argv;
#ifndef pthread_create
  return ((int*)(&pthread_create))[argc];
#else
  (void)argc;
  return 0;
#endif
}

Determining if the function pthread_create exists in the pthreads failed with the following output:
Change Dir: /home/manuel/Projects/gt/tent/libattic/third_party/googletest/CMakeFiles/CMakeTmp

Run Build Command:/usr/bin/make "cmTryCompileExec1156304412/fast"
/usr/bin/make -f CMakeFiles/cmTryCompileExec1156304412.dir/build.make CMakeFiles/cmTryCompileExec1156304412.dir/build
make[1]: Entering directory `/home/manuel/Projects/gt/tent/libattic/third_party/googletest/CMakeFiles/CMakeTmp'
/usr/bin/cmake -E cmake_progress_report /home/manuel/Projects/gt/tent/libattic/third_party/googletest/CMakeFiles/CMakeTmp/CMakeFiles 1
Building C object CMakeFiles/cmTryCompileExec1156304412.dir/CheckFunctionExists.c.o
/usr/bin/gcc   -DCHECK_FUNCTION_EXISTS=pthread_create   -o CMakeFiles/cmTryCompileExec1156304412.dir/CheckFunctionExists.c.o   -c /usr/share/cmake-2.8/Modules/CheckFunctionExists.c
Linking C executable cmTryCompileExec1156304412
/usr/bin/cmake -E cmake_link_script CMakeFiles/cmTryCompileExec1156304412.dir/link.txt --verbose=1
/usr/bin/gcc     -DCHECK_FUNCTION_EXISTS=pthread_create    CMakeFiles/cmTryCompileExec1156304412.dir/CheckFunctionExists.c.o  -o cmTryCompileExec1156304412 -rdynamic -lpthreads 
/usr/bin/ld: cannot find -lpthreads
collect2: error: ld returned 1 exit status
make[1]: *** [cmTryCompileExec1156304412] Error 1
make[1]: Leaving directory `/home/manuel/Projects/gt/tent/libattic/third_party/googletest/CMakeFiles/CMakeTmp'
make: *** [cmTryCompileExec1156304412/fast] Error 2


Determining if the pthread_create exist failed with the following output:
Change Dir: /home/manuel/Projects/gt/tent/libattic/third_party/googletest/CMakeFiles/CMakeTmp

Run Build Command:/usr/bin/make "cmTryCompileExec3969018753/fast"
/usr/bin/make -f CMakeFiles/cmTryCompileExec3969018753.dir/build.make CMakeFiles/cmTryCompileExec3969018753.dir/build
make[1]: Entering directory `/home/manuel/Projects/gt/tent/libattic/third_party/googletest/CMakeFiles/CMakeTmp'
/usr/bin/cmake -E cmake_progress_report /home/manuel/Projects/gt/tent/libattic/third_party/googletest/CMakeFiles/CMakeTmp/CMakeFiles 1
Building C object CMakeFiles/cmTryCompileExec3969018753.dir/CheckSymbolExists.c.o
/usr/bin/gcc    -o CMakeFiles/cmTryCompileExec3969018753.dir/CheckSymbolExists.c.o   -c /home/manuel/Projects/gt/tent/libattic/third_party/googletest/CMakeFiles/CMakeTmp/CheckSymbolExists.c
Linking C executable cmTryCompileExec3969018753
/usr/bin/cmake -E cmake_link_script CMakeFiles/cmTryCompileExec3969018753.dir/link.txt --verbose=1
/usr/bin/gcc         CMakeFiles/cmTryCompileExec3969018753.dir/CheckSymbolExists.c.o  -o cmTryCompileExec3969018753 -rdynamic 
CMakeFiles/cmTryCompileExec3969018753.dir/CheckSymbolExists.c.o: In function `main':
CheckSymbolExists.c:(.text+0x16): undefined reference to `pthread_create'
collect2: error: ld returned 1 exit status
make[1]: *** [cmTryCompileExec3969018753] Error 1
make[1]: Leaving directory `/home/manuel/Projects/gt/tent/libattic/third_party/googletest/CMakeFiles/CMakeTmp'
make: *** [cmTryCompileExec3969018753/fast] Error 2

File /home/manuel/Projects/gt/tent/libattic/third_party/googletest/CMakeFiles/CMakeTmp/CheckSymbolExists.c:
/* */
#include <pthread.h>

int main(int argc, char** argv)
{
  (void)argv;
#ifndef pthread_create
  return ((int*)(&pthread_create))[argc];
#else
  (void)argc;
  return 0;
#endif
}

Determining if the function pthread_create exists in the pthreads failed with the following output:
Change Dir: /home/manuel/Projects/gt/tent/libattic/third_party/googletest/CMakeFiles/CMakeTmp

Run Build Command:/usr/bin/make "cmTryCompileExec3351577977/fast"
/usr/bin/make -f CMakeFiles/cmTryCompileExec3351577977.dir/build.make CMakeFiles/cmTryCompileExec3351577977.dir/build
make[1]: Entering directory `/home/manuel/Projects/gt/tent/libattic/third_party/googletest/CMakeFiles/CMakeTmp'
/usr/bin/cmake -E cmake_progress_report /home/manuel/Projects/gt/tent/libattic/third_party/googletest/CMakeFiles/CMakeTmp/CMakeFiles 1
Building C object CMakeFiles/cmTryCompileExec3351577977.dir/CheckFunctionExists.c.o
/usr/bin/gcc   -DCHECK_FUNCTION_EXISTS=pthread_create   -o CMakeFiles/cmTryCompileExec3351577977.dir/CheckFunctionExists.c.o   -c /usr/share/cmake-2.8/Modules/CheckFunctionExists.c
Linking C executable cmTryCompileExec3351577977
/usr/bin/cmake -E cmake_link_script CMakeFiles/cmTryCompileExec3351577977.dir/link.txt --verbose=1
/usr/bin/gcc     -DCHECK_FUNCTION_EXISTS=pthread_create    CMakeFiles/cmTryCompileExec3351577977.dir/CheckFunctionExists.c.o  -o cmTryCompileExec3351577977 -rdynamic -lpthreads 
/usr/bin/ld: cannot find -lpthreads
collect2: error: ld returned 1 exit status
make[1]: *** [cmTryCompileExec3351577977] Error 1
make[1]: Leaving directory `/home/manuel/Projects/gt/tent/libattic/third_party/googletest/CMakeFiles/CMakeTmp'
make: *** [cmTryCompileExec3351577977/fast] Error 2


Determining if the pthread_create exist failed with the following output:
Change Dir: /home/manuel/Projects/gt/tent/libattic/third_party/googletest/CMakeFiles/CMakeTmp

Run Build Command:/usr/bin/make "cmTryCompileExec3126482649/fast"
/usr/bin/make -f CMakeFiles/cmTryCompileExec3126482649.dir/build.make CMakeFiles/cmTryCompileExec3126482649.dir/build
make[1]: Entering directory `/home/manuel/Projects/gt/tent/libattic/third_party/googletest/CMakeFiles/CMakeTmp'
/usr/bin/cmake -E cmake_progress_report /home/manuel/Projects/gt/tent/libattic/third_party/googletest/CMakeFiles/CMakeTmp/CMakeFiles 1
Building C object CMakeFiles/cmTryCompileExec3126482649.dir/CheckSymbolExists.c.o
/usr/bin/gcc    -o CMakeFiles/cmTryCompileExec3126482649.dir/CheckSymbolExists.c.o   -c /home/manuel/Projects/gt/tent/libattic/third_party/googletest/CMakeFiles/CMakeTmp/CheckSymbolExists.c
Linking C executable cmTryCompileExec3126482649
/usr/bin/cmake -E cmake_link_script CMakeFiles/cmTryCompileExec3126482649.dir/link.txt --verbose=1
/usr/bin/gcc         CMakeFiles/cmTryCompileExec3126482649.dir/CheckSymbolExists.c.o  -o cmTryCompileExec3126482649 -rdynamic 
CMakeFiles/cmTryCompileExec3126482649.dir/CheckSymbolExists.c.o: In function `main':
CheckSymbolExists.c:(.text+0x16): undefined reference to `pthread_create'
collect2: error: ld returned 1 exit status
make[1]: *** [cmTryCompileExec3126482649] Error 1
make[1]: Leaving directory `/home/manuel/Projects/gt/tent/libattic/third_party/googletest/CMakeFiles/CMakeTmp'
make: *** [cmTryCompileExec3126482649/fast] Error 2

File /home/manuel/Projects/gt/tent/libattic/third_party/googletest/CMakeFiles/CMakeTmp/CheckSymbolExists.c:
/* */
#include <pthread.h>

int main(int argc, char** argv)
{
  (void)argv;
#ifndef pthread_create
  return ((int*)(&pthread_create))[argc];
#else
  (void)argc;
  return 0;
#endif
}

Determining if the function pthread_create exists in the pthreads failed with the following output:
Change Dir: /home/manuel/Projects/gt/tent/libattic/third_party/googletest/CMakeFiles/CMakeTmp

Run Build Command:/usr/bin/make "cmTryCompileExec971094694/fast"
/usr/bin/make -f CMakeFiles/cmTryCompileExec971094694.dir/build.make CMakeFiles/cmTryCompileExec971094694.dir/build
make[1]: Entering directory `/home/manuel/Projects/gt/tent/libattic/third_party/googletest/CMakeFiles/CMakeTmp'
/usr/bin/cmake -E cmake_progress_report /home/manuel/Projects/gt/tent/libattic/third_party/googletest/CMakeFiles/CMakeTmp/CMakeFiles 1
Building C object CMakeFiles/cmTryCompileExec971094694.dir/CheckFunctionExists.c.o
/usr/bin/gcc   -DCHECK_FUNCTION_EXISTS=pthread_create   -o CMakeFiles/cmTryCompileExec971094694.dir/CheckFunctionExists.c.o   -c /usr/share/cmake-2.8/Modules/CheckFunctionExists.c
Linking C executable cmTryCompileExec971094694
/usr/bin/cmake -E cmake_link_script CMakeFiles/cmTryCompileExec971094694.dir/link.txt --verbose=1
/usr/bin/gcc     -DCHECK_FUNCTION_EXISTS=pthread_create    CMakeFiles/cmTryCompileExec971094694.dir/CheckFunctionExists.c.o  -o cmTryCompileExec971094694 -rdynamic -lpthreads 
/usr/bin/ld: cannot find -lpthreads
collect2: error: ld returned 1 exit status
make[1]: *** [cmTryCompileExec971094694] Error 1
make[1]: Leaving directory `/home/manuel/Projects/gt/tent/libattic/third_party/googletest/CMakeFiles/CMakeTmp'
make: *** [cmTryCompileExec971094694/fast] Error 2


Determining if the pthread_create exist failed with the following output:
Change Dir: /home/manuel/Projects/gt/tent/libattic/third_party/googletest/CMakeFiles/CMakeTmp

Run Build Command:/usr/bin/make "cmTryCompileExec3458234268/fast"
/usr/bin/make -f CMakeFiles/cmTryCompileExec3458234268.dir/build.make CMakeFiles/cmTryCompileExec3458234268.dir/build
make[1]: Entering directory `/home/manuel/Projects/gt/tent/libattic/third_party/googletest/CMakeFiles/CMakeTmp'
/usr/bin/cmake -E cmake_progress_report /home/manuel/Projects/gt/tent/libattic/third_party/googletest/CMakeFiles/CMakeTmp/CMakeFiles 1
Building C object CMakeFiles/cmTryCompileExec3458234268.dir/CheckSymbolExists.c.o
/usr/bin/gcc    -o CMakeFiles/cmTryCompileExec3458234268.dir/CheckSymbolExists.c.o   -c /home/manuel/Projects/gt/tent/libattic/third_party/googletest/CMakeFiles/CMakeTmp/CheckSymbolExists.c
Linking C executable cmTryCompileExec3458234268
/usr/bin/cmake -E cmake_link_script CMakeFiles/cmTryCompileExec3458234268.dir/link.txt --verbose=1
/usr/bin/gcc         CMakeFiles/cmTryCompileExec3458234268.dir/CheckSymbolExists.c.o  -o cmTryCompileExec3458234268 -rdynamic 
CMakeFiles/cmTryCompileExec3458234268.dir/CheckSymbolExists.c.o: In function `main':
CheckSymbolExists.c:(.text+0x16): undefined reference to `pthread_create'
collect2: error: ld returned 1 exit status
make[1]: *** [cmTryCompileExec3458234268] Error 1
make[1]: Leaving directory `/home/manuel/Projects/gt/tent/libattic/third_party/googletest/CMakeFiles/CMakeTmp'
make: *** [cmTryCompileExec3458234268/fast] Error 2

File /home/manuel/Projects/gt/tent/libattic/third_party/googletest/CMakeFiles/CMakeTmp/CheckSymbolExists.c:
/* */
#include <pthread.h>

int main(int argc, char** argv)
{
  (void)argv;
#ifndef pthread_create
  return ((int*)(&pthread_create))[argc];
#else
  (void)argc;
  return 0;
#endif
}

Determining if the function pthread_create exists in the pthreads failed with the following output:
Change Dir: /home/manuel/Projects/gt/tent/libattic/third_party/googletest/CMakeFiles/CMakeTmp

Run Build Command:/usr/bin/make "cmTryCompileExec4184158142/fast"
/usr/bin/make -f CMakeFiles/cmTryCompileExec4184158142.dir/build.make CMakeFiles/cmTryCompileExec4184158142.dir/build
make[1]: Entering directory `/home/manuel/Projects/gt/tent/libattic/third_party/googletest/CMakeFiles/CMakeTmp'
/usr/bin/cmake -E cmake_progress_report /home/manuel/Projects/gt/tent/libattic/third_party/googletest/CMakeFiles/CMakeTmp/CMakeFiles 1
Building C object CMakeFiles/cmTryCompileExec4184158142.dir/CheckFunctionExists.c.o
/usr/bin/gcc   -DCHECK_FUNCTION_EXISTS=pthread_create   -o CMakeFiles/cmTryCompileExec4184158142.dir/CheckFunctionExists.c.o   -c /usr/share/cmake-2.8/Modules/CheckFunctionExists.c
Linking C executable cmTryCompileExec4184158142
/usr/bin/cmake -E cmake_link_script CMakeFiles/cmTryCompileExec4184158142.dir/link.txt --verbose=1
/usr/bin/gcc     -DCHECK_FUNCTION_EXISTS=pthread_create    CMakeFiles/cmTryCompileExec4184158142.dir/CheckFunctionExists.c.o  -o cmTryCompileExec4184158142 -rdynamic -lpthreads 
/usr/bin/ld: cannot find -lpthreads
collect2: error: ld returned 1 exit status
make[1]: *** [cmTryCompileExec4184158142] Error 1
make[1]: Leaving directory `/home/manuel/Projects/gt/tent/libattic/third_party/googletest/CMakeFiles/CMakeTmp'
make: *** [cmTryCompileExec4184158142/fast] Error 2


